2018-06-08 21:04:18.849 INFO  Initializer:66 - Initialized
2018-06-08 21:04:28.242 INFO  Initializer:46 - Start Test
2018-06-08 21:04:29.043 INFO  Initializer:53 - logo is displayed and is passed
2018-06-08 21:04:29.044 INFO  Initializer:61 - Verifying homepage buttons
2018-06-08 21:04:29.398 INFO  Initializer:64 - Test Closed
2018-06-08 21:04:58.566 INFO  Initializer:66 - Initialized
2018-06-10 11:43:36.773 INFO  Initializer:66 - Initialized
2018-06-10 11:43:46.318 INFO  Initializer:46 - Start Test
2018-06-10 11:43:47.220 INFO  Initializer:53 - logo is displayed and is passed
2018-06-10 11:43:47.221 INFO  Initializer:61 - Verifying homepage buttons
2018-06-10 11:43:47.701 INFO  Initializer:64 - Test Closed
2018-06-10 11:44:10.725 INFO  Initializer:66 - Initialized
2018-06-10 12:04:33.175 INFO  Initializer:66 - Initialized
2018-06-10 12:04:41.574 INFO  Initializer:46 - Start Test
2018-06-10 12:04:42.529 INFO  Initializer:53 - logo is displayed and is passed
2018-06-10 12:04:42.530 INFO  Initializer:61 - Verifying homepage buttons
2018-06-10 12:04:43.042 INFO  Initializer:64 - Test Closed
2018-06-10 12:05:07.081 INFO  Initializer:66 - Initialized
2018-06-10 12:15:32.679 INFO  Initializer:66 - Initialized
2018-06-10 12:15:40.864 INFO  Initializer:46 - Start Test
2018-06-10 12:15:41.505 INFO  Initializer:53 - logo is displayed and is passed
2018-06-10 12:15:41.506 INFO  Initializer:61 - Verifying homepage buttons
2018-06-10 12:15:41.924 INFO  Initializer:64 - Test Closed
2018-06-10 12:16:07.154 INFO  Initializer:66 - Initialized
